[00:00:22] [Server thread/WARN]: Can't keep up! Is the server overloaded? Running 2037ms or 40 ticks behind
[00:01:48] [Server thread/INFO]: Ixilas lost connection: Disconnected
[00:01:48] [Server thread/INFO]: Ixilas left the game
[00:02:21] [Server thread/INFO]: Timtitan lost connection: Disconnected
[00:02:21] [Server thread/INFO]: Timtitan left the game
[08:26:12] [User Authenticator #42/INFO]: UUID of player Ixilas is 19efd566-9d12-46d8-beb2-40e5fec899a5
[08:26:12] [Server thread/INFO]: Ixilas[/176.133.149.175:58357] logged in with entity id 990102 at (-454.80495931821457, 132.0, -337.83846080090836)
[08:26:12] [Server thread/INFO]: Ixilas joined the game
[09:15:36] [Server thread/INFO]: Ixilas lost connection: Disconnected
[09:15:36] [Server thread/INFO]: Ixilas left the game
[12:44:36] [User Authenticator #43/INFO]: UUID of player Ixilas is 19efd566-9d12-46d8-beb2-40e5fec899a5
[12:44:36] [Server thread/INFO]: Ixilas[/176.133.149.175:59028] logged in with entity id 1001402 at (-298.8172433408503, 63.0, -285.41174685303406)
[12:44:36] [Server thread/INFO]: Ixilas joined the game
[12:48:05] [Server thread/INFO]: Ixilas lost connection: Disconnected
[12:48:05] [Server thread/INFO]: Ixilas left the game
[12:57:43] [User Authenticator #44/INFO]: UUID of player Ixilas is 19efd566-9d12-46d8-beb2-40e5fec899a5
[12:57:44] [Server thread/INFO]: Ixilas[/176.133.149.175:59099] logged in with entity id 1002378 at (-490.2975131257582, 117.0, -352.26559936207946)
[12:57:44] [Server thread/INFO]: Ixilas joined the game
[12:58:45] [Server thread/INFO]: Ixilas lost connection: Disconnected
[12:58:45] [Server thread/INFO]: Ixilas left the game
[13:08:33] [User Authenticator #45/INFO]: UUID of player Ixilas is 19efd566-9d12-46d8-beb2-40e5fec899a5
[13:08:33] [Server thread/INFO]: Ixilas[/176.133.149.175:59139] logged in with entity id 1002573 at (-489.32186390105863, 117.0, -350.13752576583005)
[13:08:33] [Server thread/INFO]: Ixilas joined the game
[14:08:36] [Server thread/INFO]: Ixilas lost connection: Disconnected
[14:08:36] [Server thread/INFO]: Ixilas left the game
[14:14:48] [User Authenticator #46/INFO]: UUID of player Ixilas is 19efd566-9d12-46d8-beb2-40e5fec899a5
[14:14:48] [Server thread/INFO]: Ixilas[/176.133.149.175:59304] logged in with entity id 1017191 at (-466.3371037187597, 118.0, -326.58894418305147)
[14:14:48] [Server thread/INFO]: Ixilas joined the game
[14:26:20] [Server thread/INFO]: Ixilas lost connection: Disconnected
[14:26:20] [Server thread/INFO]: Ixilas left the game
[14:27:11] [User Authenticator #47/INFO]: UUID of player Ixilas is 19efd566-9d12-46d8-beb2-40e5fec899a5
[14:27:11] [Server thread/INFO]: Ixilas[/176.133.149.175:59338] logged in with entity id 1019100 at (-461.0181308323833, 154.5, -341.5433497556829)
[14:27:11] [Server thread/INFO]: Ixilas joined the game
[14:28:15] [Server thread/INFO]: Ixilas lost connection: Disconnected
[14:28:15] [Server thread/INFO]: Ixilas left the game
[14:30:05] [User Authenticator #48/INFO]: UUID of player Ixilas is 19efd566-9d12-46d8-beb2-40e5fec899a5
[14:30:05] [Server thread/INFO]: Ixilas[/176.133.149.175:59468] logged in with entity id 1019290 at (-460.713887584791, 155.0, -340.69104410058617)
[14:30:05] [Server thread/INFO]: Ixilas joined the game
[14:40:25] [Server thread/INFO]: Ixilas lost connection: Disconnected
[14:40:25] [Server thread/INFO]: Ixilas left the game
[14:59:02] [User Authenticator #49/INFO]: UUID of player Ixilas is 19efd566-9d12-46d8-beb2-40e5fec899a5
[14:59:02] [Server thread/INFO]: Ixilas[/176.133.149.175:59634] logged in with entity id 1021400 at (-392.497579299437, -27.0, -329.19849605437605)
[14:59:02] [Server thread/INFO]: Ixilas joined the game
[17:10:35] [Server thread/INFO]: Ixilas lost connection: Disconnected
[17:10:35] [Server thread/INFO]: Ixilas left the game
[18:53:57] [User Authenticator #50/INFO]: UUID of player Ixilas is 19efd566-9d12-46d8-beb2-40e5fec899a5
[18:53:57] [Server thread/INFO]: Ixilas[/176.133.149.175:60990] logged in with entity id 1047862 at (-466.2706895394926, 127.0, -341.1150010762459)
[18:53:57] [Server thread/INFO]: Ixilas joined the game
[19:38:38] [Server thread/INFO]: com.mojang.authlib.GameProfile@4d57798e[id=<null>,name=Minecraft,properties={},legacy=false] (/35.227.166.120:42104) lost connection: Timed out
[19:58:37] [Server thread/INFO]: Made Timtitan a server operator
[20:00:18] [User Authenticator #51/INFO]: UUID of player Timtitan is a24b35c9-f100-4295-818a-ce01025844b0
[20:00:18] [Server thread/INFO]: Timtitan[/83.115.169.113:51556] logged in with entity id 1061354 at (-287.0014771562039, 89.0, -189.9645493616473)
[20:00:18] [Server thread/INFO]: Timtitan joined the game
[20:00:23] [Server thread/INFO]: <Ixilas> yooo !!!
[20:00:29] [Server thread/INFO]: <Timtitan> kikou
[20:00:53] [Server thread/WARN]: Can't keep up! Is the server overloaded? Running 2011ms or 40 ticks behind
[20:01:47] [Server thread/WARN]: Can't keep up! Is the server overloaded? Running 2037ms or 40 ticks behind
[20:02:26] [Server thread/INFO]: <Ixilas> je suis co en voc si tu veux
[20:02:26] [Server thread/WARN]: Can't keep up! Is the server overloaded? Running 2018ms or 40 ticks behind
[20:02:31] [Server thread/INFO]: <Timtitan> j'arrive soon
[20:03:50] [Server thread/WARN]: Can't keep up! Is the server overloaded? Running 2015ms or 40 ticks behind
[20:04:37] [Server thread/WARN]: Can't keep up! Is the server overloaded? Running 2004ms or 40 ticks behind
[20:05:52] [Server thread/WARN]: Can't keep up! Is the server overloaded? Running 2011ms or 40 ticks behind
[20:07:53] [Server thread/WARN]: Can't keep up! Is the server overloaded? Running 2007ms or 40 ticks behind
[20:08:59] [Server thread/WARN]: Can't keep up! Is the server overloaded? Running 2005ms or 40 ticks behind
[20:09:30] [Server thread/WARN]: Can't keep up! Is the server overloaded? Running 2017ms or 40 ticks behind
[20:10:07] [Server thread/WARN]: Can't keep up! Is the server overloaded? Running 2016ms or 40 ticks behind
[20:11:01] [Server thread/WARN]: Can't keep up! Is the server overloaded? Running 2002ms or 40 ticks behind
[20:12:03] [Server thread/WARN]: Can't keep up! Is the server overloaded? Running 2002ms or 40 ticks behind
[20:13:03] [Server thread/WARN]: Can't keep up! Is the server overloaded? Running 2023ms or 40 ticks behind
[20:13:37] [Server thread/WARN]: Can't keep up! Is the server overloaded? Running 2002ms or 40 ticks behind
[20:13:48] [Server thread/INFO]: <Timtitan> ayu vas faire un redémarrage
[20:13:56] [Server thread/INFO]: <Ixilas> yep
[20:13:59] [Server thread/INFO]: Stopping the server
[20:13:59] [Server thread/INFO]: Stopping server
[20:13:59] [Server thread/INFO]: Saving players
[20:13:59] [Server thread/INFO]: Ixilas lost connection: Server closed
[20:13:59] [Server thread/INFO]: Ixilas left the game
[20:13:59] [Server thread/INFO]: Saving worlds
[20:13:59] [Server thread/INFO]: Saving chunks for level 'ServerLevel[world]'/minecraft:overworld
[20:13:59] [Server thread/INFO]: Saving chunks for level 'ServerLevel[world]'/minecraft:the_end
[20:13:59] [Server thread/INFO]: Saving chunks for level 'ServerLevel[world]'/minecraft:the_nether
[20:13:59] [Server thread/INFO]: ThreadedAnvilChunkStorage (world): All chunks are saved
[20:13:59] [Server thread/INFO]: ThreadedAnvilChunkStorage (DIM1): All chunks are saved
[20:13:59] [Server thread/INFO]: ThreadedAnvilChunkStorage (DIM-1): All chunks are saved
[20:13:59] [Server thread/INFO]: ThreadedAnvilChunkStorage: All dimensions are saved
